TN:
SF:expo-env.d.ts
FNF:0
FNH:0
LF:0
LH:0
BRF:0
BRH:0
end_of_record
TN:
SF:nativewind-env.d.ts
FNF:0
FNH:0
LF:0
LH:0
BRF:0
BRH:0
end_of_record
TN:
SF:app\+html.tsx
FN:8,Root
FNF:1
FNH:0
FNDA:0,Root
DA:9,0
DA:31,0
LF:2
LH:0
BRF:0
BRH:0
end_of_record
TN:
SF:app\+not-found.tsx
FN:6,NotFoundScreen
FNF:1
FNH:0
FNDA:0,NotFoundScreen
DA:7,0
DA:21,0
LF:2
LH:0
BRF:0
BRH:0
end_of_record
TN:
SF:app\modal.tsx
FN:7,ModalScreen
FNF:1
FNH:0
FNDA:0,ModalScreen
DA:8,0
DA:20,0
LF:2
LH:0
BRDA:15,0,0,0
BRDA:15,0,1,0
BRF:2
BRH:0
end_of_record
TN:
SF:app\(auth)\_layout.tsx
FN:4,AuthLayout
FNF:1
FNH:0
FNDA:0,AuthLayout
DA:5,0
LF:1
LH:0
BRF:0
BRH:0
end_of_record
TN:
SF:app\(auth)\forgot-password.tsx
FN:7,ForgotPasswordScreen
FN:12,(anonymous_1)
FN:63,(anonymous_2)
FNF:3
FNH:0
FNDA:0,ForgotPasswordScreen
FNDA:0,(anonymous_1)
FNDA:0,(anonymous_2)
DA:8,0
DA:9,0
DA:10,0
DA:12,0
DA:13,0
DA:14,0
DA:15,0
DA:18,0
DA:19,0
DA:20,0
DA:24,0
DA:25,0
DA:26,0
DA:29,0
DA:31,0
DA:33,0
DA:37,0
DA:63,0
LF:18
LH:0
BRDA:13,0,0,0
BRDA:13,0,1,0
BRDA:24,1,0,0
BRDA:24,1,1,0
BRDA:52,2,0,0
BRDA:52,2,1,0
BRF:6
BRH:0
end_of_record
TN:
SF:app\(auth)\login.tsx
FN:8,LoginScreen
FN:14,(anonymous_1)
FNF:2
FNH:0
FNDA:0,LoginScreen
FNDA:0,(anonymous_1)
DA:9,0
DA:10,0
DA:11,0
DA:12,0
DA:14,0
DA:15,0
DA:16,0
DA:17,0
DA:20,0
DA:21,0
DA:22,0
DA:24,0
DA:25,0
DA:26,0
DA:30,0
DA:32,0
DA:34,0
DA:38,0
LF:18
LH:0
BRDA:15,0,0,0
BRDA:15,0,1,0
BRDA:15,1,0,0
BRDA:15,1,1,0
BRDA:24,2,0,0
BRDA:24,2,1,0
BRF:6
BRH:0
end_of_record
TN:
SF:app\(auth)\register.tsx
FN:8,RegisterScreen
FN:16,(anonymous_1)
FN:44,(anonymous_2)
FNF:3
FNH:0
FNDA:0,RegisterScreen
FNDA:0,(anonymous_1)
FNDA:0,(anonymous_2)
DA:9,0
DA:10,0
DA:11,0
DA:12,0
DA:13,0
DA:14,0
DA:16,0
DA:17,0
DA:18,0
DA:19,0
DA:22,0
DA:23,0
DA:24,0
DA:27,0
DA:28,0
DA:29,0
DA:32,0
DA:33,0
DA:34,0
DA:36,0
DA:37,0
DA:38,0
DA:41,0
DA:44,0
DA:47,0
DA:49,0
DA:53,0
LF:27
LH:0
BRDA:17,0,0,0
BRDA:17,0,1,0
BRDA:17,1,0,0
BRDA:17,1,1,0
BRDA:17,1,2,0
BRDA:17,1,3,0
BRDA:22,2,0,0
BRDA:22,2,1,0
BRDA:27,3,0,0
BRDA:27,3,1,0
BRDA:36,4,0,0
BRDA:36,4,1,0
BRF:12
BRH:0
end_of_record
TN:
SF:app\(tabs)\_layout.tsx
FN:7,HomeIcon
FN:11,QuinielasIcon
FN:15,RankingsIcon
FN:19,ProfileIcon
FN:23,TabLayout
FNF:5
FNH:0
FNDA:0,HomeIcon
FNDA:0,QuinielasIcon
FNDA:0,RankingsIcon
FNDA:0,ProfileIcon
FNDA:0,TabLayout
DA:8,0
DA:12,0
DA:16,0
DA:20,0
DA:24,0
LF:5
LH:0
BRF:0
BRH:0
end_of_record
TN:
SF:app\(tabs)\index.tsx
FN:9,HomeScreen
FN:15,(anonymous_1)
FN:21,(anonymous_2)
FN:29,(anonymous_3)
FN:35,(anonymous_4)
FN:77,(anonymous_5)
FN:89,(anonymous_6)
FN:103,(anonymous_7)
FN:115,(anonymous_8)
FN:132,(anonymous_9)
FN:169,(anonymous_10)
FN:175,(anonymous_11)
FN:178,(anonymous_12)
FNF:13
FNH:0
FNDA:0,HomeScreen
FNDA:0,(anonymous_1)
FNDA:0,(anonymous_2)
FNDA:0,(anonymous_3)
FNDA:0,(anonymous_4)
FNDA:0,(anonymous_5)
FNDA:0,(anonymous_6)
FNDA:0,(anonymous_7)
FNDA:0,(anonymous_8)
FNDA:0,(anonymous_9)
FNDA:0,(anonymous_10)
FNDA:0,(anonymous_11)
FNDA:0,(anonymous_12)
DA:10,0
DA:11,0
DA:12,0
DA:13,0
DA:15,0
DA:16,0
DA:17,0
DA:21,0
DA:22,0
DA:23,0
DA:24,0
DA:25,0
DA:29,0
DA:30,0
DA:31,0
DA:32,0
DA:35,0
DA:36,0
DA:37,0
DA:40,0
DA:41,0
DA:44,0
DA:77,0
DA:89,0
DA:103,0
DA:115,0
DA:133,0
DA:169,0
DA:176,0
DA:178,0
LF:30
LH:0
BRDA:16,0,0,0
BRDA:16,0,1,0
BRDA:22,1,0,0
BRDA:22,1,1,0
BRDA:40,2,0,0
BRDA:40,2,1,0
BRDA:40,3,0,0
BRDA:40,3,1,0
BRDA:55,4,0,0
BRDA:55,4,1,0
BRDA:59,5,0,0
BRDA:59,5,1,0
BRDA:63,6,0,0
BRDA:63,6,1,0
BRDA:64,7,0,0
BRDA:64,7,1,0
BRDA:131,8,0,0
BRDA:131,8,1,0
BRDA:137,9,0,0
BRDA:137,9,1,0
BRDA:174,10,0,0
BRDA:174,10,1,0
BRDA:184,11,0,0
BRDA:184,11,1,0
BRDA:191,12,0,0
BRDA:191,12,1,0
BRDA:196,13,0,0
BRDA:196,13,1,0
BRDA:197,14,0,0
BRDA:197,14,1,0
BRF:30
BRH:0
end_of_record
TN:
SF:app\(tabs)\profile.tsx
FN:8,ProfileScreen
FN:14,(anonymous_1)
FN:42,(anonymous_2)
FN:51,(anonymous_3)
FN:90,(anonymous_4)
FN:201,(anonymous_5)
FNF:6
FNH:0
FNDA:0,ProfileScreen
FNDA:0,(anonymous_1)
FNDA:0,(anonymous_2)
FNDA:0,(anonymous_3)
FNDA:0,(anonymous_4)
FNDA:0,(anonymous_5)
DA:9,0
DA:10,0
DA:11,0
DA:12,0
DA:14,0
DA:15,0
DA:17,0
DA:18,0
DA:19,0
DA:22,0
DA:23,0
DA:24,0
DA:28,0
DA:29,0
DA:30,0
DA:31,0
DA:33,0
DA:36,0
DA:38,0
DA:42,0
DA:43,0
DA:52,0
DA:53,0
DA:60,0
DA:61,0
DA:64,0
DA:90,0
LF:27
LH:0
BRDA:11,0,0,0
BRDA:11,0,1,0
BRDA:15,1,0,0
BRDA:15,1,1,0
BRDA:17,2,0,0
BRDA:17,2,1,0
BRDA:28,3,0,0
BRDA:28,3,1,0
BRDA:60,4,0,0
BRDA:60,4,1,0
BRDA:70,5,0,0
BRDA:70,5,1,0
BRDA:77,6,0,0
BRDA:77,6,1,0
BRDA:78,7,0,0
BRDA:78,7,1,0
BRDA:92,8,0,0
BRDA:92,8,1,0
BRDA:97,9,0,0
BRDA:97,9,1,0
BRDA:117,10,0,0
BRDA:117,10,1,0
BRDA:127,11,0,0
BRDA:127,11,1,0
BRDA:189,12,0,0
BRDA:189,12,1,0
BRF:26
BRH:0
end_of_record
TN:
SF:app\(tabs)\quinielas.tsx
FN:10,QuinielasScreen
FN:16,(anonymous_1)
FN:22,(anonymous_2)
FN:30,(anonymous_3)
FN:54,(anonymous_4)
FN:67,(anonymous_5)
FN:72,(anonymous_6)
FN:80,(anonymous_7)
FN:85,(anonymous_8)
FN:94,(anonymous_9)
FN:100,(anonymous_10)
FN:108,(anonymous_11)
FN:111,(anonymous_12)
FN:170,(anonymous_13)
FNF:14
FNH:0
FNDA:0,QuinielasScreen
FNDA:0,(anonymous_1)
FNDA:0,(anonymous_2)
FNDA:0,(anonymous_3)
FNDA:0,(anonymous_4)
FNDA:0,(anonymous_5)
FNDA:0,(anonymous_6)
FNDA:0,(anonymous_7)
FNDA:0,(anonymous_8)
FNDA:0,(anonymous_9)
FNDA:0,(anonymous_10)
FNDA:0,(anonymous_11)
FNDA:0,(anonymous_12)
FNDA:0,(anonymous_13)
DA:11,0
DA:12,0
DA:13,0
DA:14,0
DA:16,0
DA:17,0
DA:18,0
DA:22,0
DA:23,0
DA:24,0
DA:25,0
DA:27,0
DA:30,0
DA:31,0
DA:32,0
DA:33,0
DA:36,0
DA:37,0
DA:40,0
DA:54,0
DA:67,0
DA:72,0
DA:80,0
DA:85,0
DA:94,0
DA:100,0
DA:109,0
DA:111,0
DA:170,0
LF:29
LH:0
BRDA:17,0,0,0
BRDA:17,0,1,0
BRDA:24,1,0,0
BRDA:24,1,1,0
BRDA:31,2,0,0
BRDA:31,2,1,0
BRDA:32,3,0,0
BRDA:32,3,1,0
BRDA:36,4,0,0
BRDA:36,4,1,0
BRDA:36,5,0,0
BRDA:36,5,1,0
BRDA:52,6,0,0
BRDA:52,6,1,0
BRDA:57,7,0,0
BRDA:57,7,1,0
BRDA:65,8,0,0
BRDA:65,8,1,0
BRDA:70,9,0,0
BRDA:70,9,1,0
BRDA:78,10,0,0
BRDA:78,10,1,0
BRDA:83,11,0,0
BRDA:83,11,1,0
BRDA:107,12,0,0
BRDA:107,12,1,0
BRDA:117,13,0,0
BRDA:117,13,1,0
BRDA:124,14,0,0
BRDA:124,14,1,0
BRDA:133,15,0,0
BRDA:133,15,1,0
BRDA:136,16,0,0
BRDA:136,16,1,0
BRDA:141,17,0,0
BRDA:141,17,1,0
BRDA:142,18,0,0
BRDA:142,18,1,0
BRDA:146,19,0,0
BRDA:146,19,1,0
BRDA:161,20,0,0
BRDA:161,20,1,0
BRDA:163,21,0,0
BRDA:163,21,1,0
BRF:44
BRH:0
end_of_record
TN:
SF:app\(tabs)\rankings.tsx
FN:12,RankingsScreen
FN:18,(anonymous_1)
FN:22,(anonymous_2)
FN:26,(anonymous_3)
FN:32,(anonymous_4)
FN:121,(anonymous_5)
FN:175,(anonymous_6)
FN:181,(anonymous_7)
FN:187,(anonymous_8)
FNF:9
FNH:0
FNDA:0,RankingsScreen
FNDA:0,(anonymous_1)
FNDA:0,(anonymous_2)
FNDA:0,(anonymous_3)
FNDA:0,(anonymous_4)
FNDA:0,(anonymous_5)
FNDA:0,(anonymous_6)
FNDA:0,(anonymous_7)
FNDA:0,(anonymous_8)
DA:10,0
DA:13,0
DA:14,0
DA:15,0
DA:16,0
DA:18,0
DA:19,0
DA:22,0
DA:23,0
DA:26,0
DA:27,0
DA:28,0
DA:29,0
DA:32,0
DA:33,0
DA:34,0
DA:35,0
DA:36,0
DA:39,0
DA:40,0
DA:43,0
DA:122,0
DA:123,0
DA:125,0
DA:175,0
DA:181,0
DA:187,0
LF:27
LH:0
BRDA:33,0,0,0
BRDA:33,0,1,0
BRDA:34,1,0,0
BRDA:34,1,1,0
BRDA:35,2,0,0
BRDA:35,2,1,0
BRDA:39,3,0,0
BRDA:39,3,1,0
BRDA:39,4,0,0
BRDA:39,4,1,0
BRDA:67,5,0,0
BRDA:67,5,1,0
BRDA:79,6,0,0
BRDA:79,6,1,0
BRDA:82,7,0,0
BRDA:82,7,1,0
BRDA:92,8,0,0
BRDA:92,8,1,0
BRDA:95,9,0,0
BRDA:95,9,1,0
BRDA:105,10,0,0
BRDA:105,10,1,0
BRDA:108,11,0,0
BRDA:108,11,1,0
BRDA:120,12,0,0
BRDA:120,12,1,0
BRDA:122,13,0,0
BRDA:122,13,1,0
BRDA:128,14,0,0
BRDA:128,14,1,0
BRDA:134,15,0,0
BRDA:134,15,1,0
BRDA:138,16,0,0
BRDA:138,16,1,0
BRDA:139,17,0,0
BRDA:139,17,1,0
BRDA:140,18,0,0
BRDA:140,18,1,0
BRDA:167,19,0,0
BRDA:167,19,1,0
BRF:40
BRH:0
end_of_record
TN:
SF:app\(tabs)\two.tsx
FN:6,TabTwoScreen
FNF:1
FNH:0
FNDA:0,TabTwoScreen
DA:7,0
DA:16,0
LF:2
LH:0
BRF:0
BRH:0
end_of_record
TN:
SF:app\admin\index.tsx
FN:7,AdminDashboardScreen
FN:23,(anonymous_1)
FN:53,(anonymous_2)
FN:72,(anonymous_3)
FN:91,(anonymous_4)
FNF:5
FNH:0
FNDA:0,AdminDashboardScreen
FNDA:0,(anonymous_1)
FNDA:0,(anonymous_2)
FNDA:0,(anonymous_3)
FNDA:0,(anonymous_4)
DA:8,0
DA:11,0
DA:12,0
DA:23,0
DA:29,0
DA:53,0
DA:72,0
DA:91,0
LF:8
LH:0
BRDA:11,0,0,0
BRDA:11,0,1,0
BRF:2
BRH:0
end_of_record
TN:
SF:app\admin\matches.tsx
FN:8,AdminMatchesScreen
FN:23,(anonymous_1)
FN:27,(anonymous_2)
FN:34,(anonymous_3)
FN:40,(anonymous_4)
FN:52,(anonymous_5)
FN:63,(anonymous_6)
FN:73,(anonymous_7)
FN:108,(anonymous_8)
FN:116,(anonymous_9)
FN:158,(anonymous_10)
FN:165,(anonymous_11)
FN:189,(anonymous_12)
FN:246,(anonymous_13)
FNF:14
FNH:0
FNDA:0,AdminMatchesScreen
FNDA:0,(anonymous_1)
FNDA:0,(anonymous_2)
FNDA:0,(anonymous_3)
FNDA:0,(anonymous_4)
FNDA:0,(anonymous_5)
FNDA:0,(anonymous_6)
FNDA:0,(anonymous_7)
FNDA:0,(anonymous_8)
FNDA:0,(anonymous_9)
FNDA:0,(anonymous_10)
FNDA:0,(anonymous_11)
FNDA:0,(anonymous_12)
FNDA:0,(anonymous_13)
DA:9,0
DA:10,0
DA:11,0
DA:12,0
DA:13,0
DA:16,0
DA:17,0
DA:18,0
DA:19,0
DA:20,0
DA:21,0
DA:23,0
DA:24,0
DA:27,0
DA:28,0
DA:29,0
DA:30,0
DA:31,0
DA:34,0
DA:35,0
DA:36,0
DA:37,0
DA:40,0
DA:41,0
DA:42,0
DA:43,0
DA:47,0
DA:48,0
DA:49,0
DA:52,0
DA:53,0
DA:54,0
DA:55,0
DA:59,0
DA:60,0
DA:63,0
DA:64,0
DA:65,0
DA:66,0
DA:67,0
DA:68,0
DA:69,0
DA:70,0
DA:73,0
DA:74,0
DA:75,0
DA:76,0
DA:77,0
DA:78,0
DA:79,0
DA:80,0
DA:83,0
DA:84,0
DA:87,0
DA:108,0
DA:117,0
DA:158,0
DA:166,0
DA:167,0
DA:168,0
DA:190,0
DA:191,0
DA:246,0
LF:63
LH:0
BRDA:41,0,0,0
BRDA:41,0,1,0
BRDA:41,1,0,0
BRDA:41,1,1,0
BRDA:41,1,2,0
BRDA:53,2,0,0
BRDA:53,2,1,0
BRDA:53,3,0,0
BRDA:53,3,1,0
BRDA:77,4,0,0
BRDA:77,4,1,0
BRDA:78,5,0,0
BRDA:78,5,1,0
BRDA:79,6,0,0
BRDA:79,6,1,0
BRDA:83,7,0,0
BRDA:83,7,1,0
BRDA:83,8,0,0
BRDA:83,8,1,0
BRDA:115,9,0,0
BRDA:115,9,1,0
BRDA:120,10,0,0
BRDA:120,10,1,0
BRDA:123,11,0,0
BRDA:123,11,1,0
BRDA:123,12,0,0
BRDA:123,12,1,0
BRDA:124,13,0,0
BRDA:124,13,1,0
BRDA:124,14,0,0
BRDA:124,14,1,0
BRDA:133,15,0,0
BRDA:133,15,1,0
BRDA:162,16,0,0
BRDA:162,16,1,0
BRDA:167,17,0,0
BRDA:167,17,1,0
BRDA:168,18,0,0
BRDA:168,18,1,0
BRDA:193,19,0,0
BRDA:193,19,1,0
BRDA:224,20,0,0
BRDA:224,20,1,0
BRDA:245,21,0,0
BRDA:245,21,1,0
BRDA:246,22,0,0
BRDA:246,22,1,0
BRF:47
BRH:0
end_of_record
TN:
SF:app\quiniela\[id].tsx
FN:10,QuinielaDetailScreen
FN:20,(anonymous_1)
FN:26,(anonymous_2)
FN:38,(anonymous_3)
FN:44,(anonymous_4)
FN:51,(anonymous_5)
FN:59,(anonymous_6)
FN:83,(anonymous_7)
FN:91,(anonymous_8)
FN:177,(anonymous_9)
FN:216,(anonymous_10)
FN:225,(anonymous_11)
FN:231,(anonymous_12)
FN:241,(anonymous_13)
FN:269,(anonymous_14)
FNF:15
FNH:0
FNDA:0,QuinielaDetailScreen
FNDA:0,(anonymous_1)
FNDA:0,(anonymous_2)
FNDA:0,(anonymous_3)
FNDA:0,(anonymous_4)
FNDA:0,(anonymous_5)
FNDA:0,(anonymous_6)
FNDA:0,(anonymous_7)
FNDA:0,(anonymous_8)
FNDA:0,(anonymous_9)
FNDA:0,(anonymous_10)
FNDA:0,(anonymous_11)
FNDA:0,(anonymous_12)
FNDA:0,(anonymous_13)
FNDA:0,(anonymous_14)
DA:11,0
DA:12,0
DA:13,0
DA:14,0
DA:15,0
DA:16,0
DA:17,0
DA:18,0
DA:20,0
DA:21,0
DA:22,0
DA:26,0
DA:27,0
DA:29,0
DA:30,0
DA:31,0
DA:33,0
DA:34,0
DA:35,0
DA:38,0
DA:39,0
DA:40,0
DA:41,0
DA:44,0
DA:45,0
DA:46,0
DA:47,0
DA:51,0
DA:52,0
DA:53,0
DA:54,0
DA:55,0
DA:59,0
DA:60,0
DA:61,0
DA:62,0
DA:65,0
DA:66,0
DA:70,0
DA:71,0
DA:74,0
DA:75,0
DA:83,0
DA:90,0
DA:91,0
DA:93,0
DA:178,0
DA:216,0
DA:225,0
DA:231,0
DA:241,0
DA:270,0
DA:271,0
DA:275,0
LF:54
LH:0
BRDA:21,0,0,0
BRDA:21,0,1,0
BRDA:27,1,0,0
BRDA:27,1,1,0
BRDA:45,2,0,0
BRDA:45,2,1,0
BRDA:52,3,0,0
BRDA:52,3,1,0
BRDA:60,4,0,0
BRDA:60,4,1,0
BRDA:70,5,0,0
BRDA:70,5,1,0
BRDA:70,6,0,0
BRDA:70,6,1,0
BRDA:74,7,0,0
BRDA:74,7,1,0
BRDA:106,8,0,0
BRDA:106,8,1,0
BRDA:113,9,0,0
BRDA:113,9,1,0
BRDA:121,10,0,0
BRDA:121,10,1,0
BRDA:122,11,0,0
BRDA:122,11,1,0
BRDA:134,12,0,0
BRDA:134,12,1,0
BRDA:176,13,0,0
BRDA:176,13,1,0
BRDA:181,14,0,0
BRDA:181,14,1,0
BRDA:192,15,0,0
BRDA:192,15,1,0
BRDA:195,16,0,0
BRDA:195,16,1,0
BRDA:200,17,0,0
BRDA:200,17,1,0
BRF:36
BRH:0
end_of_record
TN:
SF:app\quiniela\create.tsx
FN:9,CreateQuinielaScreen
FN:17,(anonymous_1)
FN:48,(anonymous_2)
FN:55,(anonymous_3)
FN:152,(anonymous_4)
FNF:5
FNH:0
FNDA:0,CreateQuinielaScreen
FNDA:0,(anonymous_1)
FNDA:0,(anonymous_2)
FNDA:0,(anonymous_3)
FNDA:0,(anonymous_4)
DA:10,0
DA:11,0
DA:12,0
DA:13,0
DA:14,0
DA:15,0
DA:17,0
DA:18,0
DA:19,0
DA:20,0
DA:23,0
DA:24,0
DA:25,0
DA:28,0
DA:29,0
DA:30,0
DA:32,0
DA:41,0
DA:42,0
DA:50,0
DA:55,0
DA:60,0
DA:63,0
DA:65,0
DA:69,0
DA:152,0
LF:26
LH:0
BRDA:18,0,0,0
BRDA:18,0,1,0
BRDA:23,1,0,0
BRDA:23,1,1,0
BRDA:34,2,0,0
BRDA:34,2,1,0
BRDA:37,3,0,0
BRDA:37,3,1,0
BRDA:41,4,0,0
BRDA:41,4,1,0
BRF:10
BRH:0
end_of_record
TN:
SF:app\quiniela\general.tsx
FN:28,QuinielaGeneralScreen
FN:39,(anonymous_1)
FN:43,(anonymous_2)
FN:48,(anonymous_3)
FN:49,(anonymous_4)
FN:63,(anonymous_5)
FN:69,(anonymous_6)
FN:71,(anonymous_7)
FN:72,(anonymous_8)
FN:87,(anonymous_9)
FN:110,(anonymous_10)
FN:143,(anonymous_11)
FN:198,(anonymous_12)
FN:211,(anonymous_13)
FNF:14
FNH:0
FNDA:0,QuinielaGeneralScreen
FNDA:0,(anonymous_1)
FNDA:0,(anonymous_2)
FNDA:0,(anonymous_3)
FNDA:0,(anonymous_4)
FNDA:0,(anonymous_5)
FNDA:0,(anonymous_6)
FNDA:0,(anonymous_7)
FNDA:0,(anonymous_8)
FNDA:0,(anonymous_9)
FNDA:0,(anonymous_10)
FNDA:0,(anonymous_11)
FNDA:0,(anonymous_12)
FNDA:0,(anonymous_13)
DA:11,0
DA:29,0
DA:30,0
DA:34,0
DA:35,0
DA:36,0
DA:37,0
DA:39,0
DA:40,0
DA:43,0
DA:44,0
DA:45,0
DA:48,0
DA:49,0
DA:50,0
DA:59,0
DA:60,0
DA:63,0
DA:64,0
DA:65,0
DA:66,0
DA:69,0
DA:70,0
DA:71,0
DA:72,0
DA:73,0
DA:75,0
DA:76,0
DA:87,0
DA:88,0
DA:90,0
DA:91,0
DA:92,0
DA:93,0
DA:94,0
DA:101,0
DA:103,0
DA:105,0
DA:109,0
DA:110,0
DA:113,0
DA:114,0
DA:117,0
DA:144,0
DA:145,0
DA:146,0
DA:147,0
DA:149,0
DA:198,0
DA:211,0
LF:50
LH:0
BRDA:32,0,0,0
BRDA:32,0,1,0
BRDA:52,1,0,0
BRDA:52,1,1,0
BRDA:70,2,0,0
BRDA:70,2,1,0
BRDA:73,3,0,0
BRDA:73,3,1,0
BRDA:75,4,0,0
BRDA:75,4,1,0
BRDA:80,5,0,0
BRDA:80,5,1,0
BRDA:88,6,0,0
BRDA:88,6,1,0
BRDA:93,7,0,0
BRDA:93,7,1,0
BRDA:93,8,0,0
BRDA:93,8,1,0
BRDA:110,9,0,0
BRDA:110,9,1,0
BRDA:113,10,0,0
BRDA:113,10,1,0
BRDA:113,11,0,0
BRDA:113,11,1,0
BRDA:141,12,0,0
BRDA:141,12,1,0
BRDA:147,13,0,0
BRDA:147,13,1,0
BRDA:154,14,0,0
BRDA:154,14,1,0
BRDA:157,15,0,0
BRDA:157,15,1,0
BRDA:157,16,0,0
BRDA:157,16,1,0
BRDA:158,17,0,0
BRDA:158,17,1,0
BRDA:158,18,0,0
BRDA:158,18,1,0
BRDA:168,19,0,0
BRDA:168,19,1,0
BRDA:183,20,0,0
BRDA:183,20,1,0
BRDA:192,21,0,0
BRDA:192,21,1,0
BRDA:197,22,0,0
BRDA:197,22,1,0
BRDA:210,23,0,0
BRDA:210,23,1,0
BRDA:219,24,0,0
BRDA:219,24,1,0
BRDA:219,24,2,0
BRDA:231,25,0,0
BRDA:231,25,1,0
BRF:53
BRH:0
end_of_record
TN:
SF:app\quiniela\join.tsx
FN:9,JoinQuinielaScreen
FN:15,(anonymous_1)
FN:46,(anonymous_2)
FN:84,(anonymous_3)
FN:124,(anonymous_4)
FNF:5
FNH:0
FNDA:0,JoinQuinielaScreen
FNDA:0,(anonymous_1)
FNDA:0,(anonymous_2)
FNDA:0,(anonymous_3)
FNDA:0,(anonymous_4)
DA:10,0
DA:11,0
DA:12,0
DA:13,0
DA:15,0
DA:16,0
DA:17,0
DA:18,0
DA:21,0
DA:22,0
DA:23,0
DA:26,0
DA:27,0
DA:28,0
DA:31,0
DA:32,0
DA:33,0
DA:35,0
DA:36,0
DA:37,0
DA:40,0
DA:46,0
DA:51,0
DA:53,0
DA:57,0
DA:84,0
DA:124,0
LF:27
LH:0
BRDA:16,0,0,0
BRDA:16,0,1,0
BRDA:21,1,0,0
BRDA:21,1,1,0
BRDA:26,2,0,0
BRDA:26,2,1,0
BRDA:35,3,0,0
BRDA:35,3,1,0
BRF:8
BRH:0
end_of_record
TN:
SF:app\quiniela\predict.tsx
FN:26,PredictionsScreen
FN:39,(anonymous_1)
FN:45,(anonymous_2)
FN:58,(anonymous_3)
FN:59,(anonymous_4)
FN:75,(anonymous_5)
FN:81,(anonymous_6)
FN:83,(anonymous_7)
FN:84,(anonymous_8)
FN:99,(anonymous_9)
FN:128,(anonymous_10)
FN:129,(anonymous_11)
FN:130,(anonymous_12)
FN:132,(anonymous_13)
FN:167,(anonymous_14)
FN:185,(anonymous_15)
FN:203,(anonymous_16)
FNF:17
FNH:0
FNDA:0,PredictionsScreen
FNDA:0,(anonymous_1)
FNDA:0,(anonymous_2)
FNDA:0,(anonymous_3)
FNDA:0,(anonymous_4)
FNDA:0,(anonymous_5)
FNDA:0,(anonymous_6)
FNDA:0,(anonymous_7)
FNDA:0,(anonymous_8)
FNDA:0,(anonymous_9)
FNDA:0,(anonymous_10)
FNDA:0,(anonymous_11)
FNDA:0,(anonymous_12)
FNDA:0,(anonymous_13)
FNDA:0,(anonymous_14)
FNDA:0,(anonymous_15)
FNDA:0,(anonymous_16)
DA:27,0
DA:28,0
DA:29,0
DA:33,0
DA:34,0
DA:35,0
DA:36,0
DA:37,0
DA:39,0
DA:40,0
DA:41,0
DA:45,0
DA:46,0
DA:48,0
DA:51,0
DA:52,0
DA:55,0
DA:58,0
DA:59,0
DA:60,0
DA:71,0
DA:72,0
DA:75,0
DA:76,0
DA:77,0
DA:78,0
DA:81,0
DA:82,0
DA:83,0
DA:84,0
DA:85,0
DA:87,0
DA:88,0
DA:99,0
DA:100,0
DA:102,0
DA:103,0
DA:104,0
DA:105,0
DA:106,0
DA:107,0
DA:112,0
DA:116,0
DA:117,0
DA:119,0
DA:122,0
DA:124,0
DA:128,0
DA:129,0
DA:130,0
DA:132,0
DA:134,0
DA:135,0
DA:138,0
DA:168,0
DA:186,0
DA:204,0
LF:57
LH:0
BRDA:30,0,0,0
BRDA:30,0,1,0
BRDA:31,1,0,0
BRDA:31,1,1,0
BRDA:40,2,0,0
BRDA:40,2,1,0
BRDA:46,3,0,0
BRDA:46,3,1,0
BRDA:62,4,0,0
BRDA:62,4,1,0
BRDA:82,5,0,0
BRDA:82,5,1,0
BRDA:85,6,0,0
BRDA:85,6,1,0
BRDA:87,7,0,0
BRDA:87,7,1,0
BRDA:92,8,0,0
BRDA:92,8,1,0
BRDA:100,9,0,0
BRDA:100,9,1,0
BRDA:100,10,0,0
BRDA:100,10,1,0
BRDA:106,11,0,0
BRDA:106,11,1,0
BRDA:106,12,0,0
BRDA:106,12,1,0
BRDA:116,13,0,0
BRDA:116,13,1,0
BRDA:134,14,0,0
BRDA:134,14,1,0
BRDA:134,15,0,0
BRDA:134,15,1,0
BRDA:151,16,0,0
BRDA:151,16,1,0
BRDA:162,17,0,0
BRDA:162,17,1,0
BRDA:180,18,0,0
BRDA:180,18,1,0
BRDA:198,19,0,0
BRDA:198,19,1,0
BRDA:215,20,0,0
BRDA:215,20,1,0
BRDA:224,21,0,0
BRDA:224,21,1,0
BRF:44
BRH:0
end_of_record
TN:
SF:components\EditScreenInfo.tsx
FN:9,EditScreenInfo
FNF:1
FNH:0
FNDA:0,EditScreenInfo
DA:10,0
DA:48,0
LF:2
LH:0
BRF:0
BRH:0
end_of_record
TN:
SF:components\ExternalLink.tsx
FN:6,ExternalLink
FN:12,(anonymous_1)
FNF:2
FNH:0
FNDA:0,ExternalLink
FNDA:0,(anonymous_1)
DA:7,0
DA:13,0
DA:15,0
DA:17,0
LF:4
LH:0
BRDA:13,0,0,0
BRDA:13,0,1,0
BRF:2
BRH:0
end_of_record
TN:
SF:components\StyledText.tsx
FN:3,MonoText
FNF:1
FNH:0
FNDA:0,MonoText
DA:4,0
LF:1
LH:0
BRF:0
BRH:0
end_of_record
TN:
SF:components\Themed.tsx
FN:19,useThemeColor
FN:33,Text
FN:40,View
FNF:3
FNH:0
FNDA:0,useThemeColor
FNDA:0,Text
FNDA:0,View
DA:23,0
DA:24,0
DA:26,0
DA:27,0
DA:29,0
DA:34,0
DA:35,0
DA:37,0
DA:41,0
DA:42,0
DA:44,0
LF:11
LH:0
BRDA:26,0,0,0
BRDA:26,0,1,0
BRF:2
BRH:0
end_of_record
TN:
SF:components\useClientOnlyValue.ts
FN:2,useClientOnlyValue
FNF:1
FNH:0
FNDA:0,useClientOnlyValue
DA:3,0
LF:1
LH:0
BRF:0
BRH:0
end_of_record
TN:
SF:components\useClientOnlyValue.web.ts
FN:5,useClientOnlyValue
FN:7,(anonymous_1)
FNF:2
FNH:0
FNDA:0,useClientOnlyValue
FNDA:0,(anonymous_1)
DA:6,0
DA:7,0
DA:8,0
DA:11,0
LF:4
LH:0
BRF:0
BRH:0
end_of_record
TN:
SF:components\useColorScheme.ts
FN:3,(anonymous_0)
FNF:1
FNH:0
FNDA:0,(anonymous_0)
DA:3,0
DA:4,0
DA:5,0
LF:3
LH:0
BRDA:5,0,0,0
BRDA:5,0,1,0
BRF:2
BRH:0
end_of_record
TN:
SF:components\useColorScheme.web.ts
FN:6,useColorScheme
FNF:1
FNH:0
FNDA:0,useColorScheme
DA:7,0
LF:1
LH:0
BRF:0
BRH:0
end_of_record
TN:
SF:components\auth\AuthProvider.tsx
FN:8,AuthProvider
FN:11,(anonymous_1)
FNF:2
FNH:0
FNDA:0,AuthProvider
FNDA:0,(anonymous_1)
DA:9,0
DA:11,0
DA:12,0
DA:13,0
DA:17,0
LF:5
LH:0
BRDA:12,0,0,0
BRDA:12,0,1,0
BRF:2
BRH:0
end_of_record
TN:
SF:components\auth\ErrorBoundary.tsx
FN:15,(anonymous_0)
FN:20,(anonymous_1)
FN:24,(anonymous_2)
FN:29,(anonymous_3)
FN:33,(anonymous_4)
FNF:5
FNH:0
FNDA:0,(anonymous_0)
FNDA:0,(anonymous_1)
FNDA:0,(anonymous_2)
FNDA:0,(anonymous_3)
FNDA:0,(anonymous_4)
DA:16,0
DA:17,0
DA:21,0
DA:25,0
DA:29,0
DA:30,0
DA:34,0
DA:35,0
DA:36,0
DA:39,0
DA:60,0
LF:11
LH:0
BRDA:34,0,0,0
BRDA:34,0,1,0
BRDA:35,1,0,0
BRDA:35,1,1,0
BRF:4
BRH:0
end_of_record
TN:
SF:components\auth\GoogleSignInButton.tsx
FN:12,GoogleSignInButton
FN:15,(anonymous_1)
FNF:2
FNH:0
FNDA:0,GoogleSignInButton
FNDA:0,(anonymous_1)
DA:13,0
DA:15,0
DA:16,0
DA:17,0
DA:18,0
DA:20,0
DA:25,0
DA:33,0
DA:36,0
DA:41,0
DA:46,0
DA:47,0
DA:52,0
DA:56,0
LF:14
LH:0
BRDA:33,0,0,0
BRDA:33,0,1,0
BRDA:37,1,0,0
BRDA:37,1,1,0
BRDA:41,2,0,0
BRDA:41,2,1,0
BRDA:59,3,0,0
BRDA:59,3,1,0
BRDA:64,4,0,0
BRDA:64,4,1,0
BRDA:64,5,0,0
BRDA:64,5,1,0
BRDA:67,6,0,0
BRDA:67,6,1,0
BRF:14
BRH:0
end_of_record
TN:
SF:components\auth\ProtectedRoute.tsx
FN:11,ProtectedRoute
FNF:1
FNH:0
FNDA:0,ProtectedRoute
DA:12,0
DA:13,0
DA:16,0
DA:17,0
DA:25,0
DA:27,0
DA:28,0
DA:32,0
DA:34,0
DA:35,0
DA:38,0
LF:11
LH:0
BRDA:11,0,0,0
BRDA:16,1,0,0
BRDA:16,1,1,0
BRDA:16,2,0,0
BRDA:16,2,1,0
BRDA:25,3,0,0
BRDA:25,3,1,0
BRDA:32,4,0,0
BRDA:32,4,1,0
BRDA:32,5,0,0
BRDA:32,5,1,0
BRF:11
BRH:0
end_of_record
TN:
SF:components\quiniela\CardPartido.tsx
FN:32,CardPartido
FN:52,(anonymous_1)
FN:71,(anonymous_2)
FN:82,(anonymous_3)
FN:195,(anonymous_4)
FN:213,(anonymous_5)
FNF:6
FNH:0
FNDA:0,CardPartido
FNDA:0,(anonymous_1)
FNDA:0,(anonymous_2)
FNDA:0,(anonymous_3)
FNDA:0,(anonymous_4)
FNDA:0,(anonymous_5)
DA:30,0
DA:39,0
DA:40,0
DA:41,0
DA:44,0
DA:45,0
DA:46,0
DA:47,0
DA:50,0
DA:52,0
DA:53,0
DA:54,0
DA:57,0
DA:59,0
DA:61,0
DA:63,0
DA:65,0
DA:69,0
DA:71,0
DA:72,0
DA:73,0
DA:82,0
DA:83,0
DA:84,0
DA:86,0
DA:87,0
DA:89,0
DA:90,0
DA:92,0
DA:95,0
DA:96,0
DA:118,0
DA:195,0
DA:213,0
LF:34
LH:0
BRDA:36,0,0,0
BRDA:37,1,0,0
BRDA:50,2,0,0
BRDA:50,2,1,0
BRDA:53,3,0,0
BRDA:53,3,1,0
BRDA:53,4,0,0
BRDA:53,4,1,0
BRDA:57,5,0,0
BRDA:57,5,1,0
BRDA:57,5,2,0
BRDA:57,5,3,0
BRDA:84,6,0,0
BRDA:84,6,1,0
BRDA:89,7,0,0
BRDA:89,7,1,0
BRDA:95,8,0,0
BRDA:95,8,1,0
BRDA:100,9,0,0
BRDA:100,9,1,0
BRDA:106,10,0,0
BRDA:106,10,1,0
BRDA:119,11,0,0
BRDA:119,11,1,0
BRDA:119,12,0,0
BRDA:119,12,1,0
BRDA:123,13,0,0
BRDA:123,13,1,0
BRDA:126,14,0,0
BRDA:126,14,1,0
BRDA:126,14,2,0
BRDA:142,15,0,0
BRDA:142,15,1,0
BRDA:151,16,0,0
BRDA:151,16,1,0
BRDA:163,17,0,0
BRDA:163,17,1,0
BRDA:177,18,0,0
BRDA:177,18,1,0
BRDA:177,18,2,0
BRDA:186,19,0,0
BRDA:186,19,1,0
BRDA:186,19,2,0
BRDA:192,20,0,0
BRDA:192,20,1,0
BRDA:194,21,0,0
BRDA:194,21,1,0
BRDA:195,22,0,0
BRDA:195,22,1,0
BRDA:210,23,0,0
BRDA:210,23,1,0
BRDA:212,24,0,0
BRDA:212,24,1,0
BRDA:213,25,0,0
BRDA:213,25,1,0
BRDA:223,26,0,0
BRDA:223,26,1,0
BRDA:223,26,2,0
BRF:58
BRH:0
end_of_record
TN:
SF:components\quiniela\ConfirmSaveModal.tsx
FN:21,ConfirmSaveModal
FN:28,(anonymous_1)
FN:51,(anonymous_2)
FNF:3
FNH:0
FNDA:0,ConfirmSaveModal
FNDA:0,(anonymous_1)
FNDA:0,(anonymous_2)
DA:28,0
DA:29,0
DA:30,0
DA:31,0
DA:34,0
DA:52,0
DA:53,0
LF:7
LH:0
BRDA:26,0,0,0
BRDA:29,1,0,0
BRDA:29,1,1,0
BRDA:30,2,0,0
BRDA:30,2,1,0
BRDA:45,3,0,0
BRDA:45,3,1,0
BRDA:57,4,0,0
BRDA:57,4,1,0
BRF:9
BRH:0
end_of_record
TN:
SF:components\ui\Avatar.tsx
FN:10,Avatar
FN:32,(anonymous_1)
FNF:2
FNH:0
FNDA:0,Avatar
FNDA:0,(anonymous_1)
DA:15,0
DA:22,0
DA:30,0
DA:32,0
DA:38,0
DA:47,0
DA:48,0
DA:50,0
DA:51,0
DA:60,0
LF:10
LH:0
BRDA:12,0,0,0
BRDA:13,1,0,0
BRDA:50,2,0,0
BRDA:50,2,1,0
BRF:4
BRH:0
end_of_record
TN:
SF:components\ui\Badge.tsx
FN:10,Badge
FNF:1
FNH:0
FNDA:0,Badge
DA:15,0
DA:24,0
DA:30,0
LF:3
LH:0
BRDA:12,0,0,0
BRDA:13,1,0,0
BRF:2
BRH:0
end_of_record
TN:
SF:components\ui\Button.tsx
FN:15,Button
FNF:1
FNH:0
FNDA:0,Button
DA:25,0
DA:27,0
DA:34,0
DA:40,0
DA:47,0
DA:53,0
DA:54,0
DA:56,0
LF:8
LH:0
BRDA:18,0,0,0
BRDA:19,1,0,0
BRDA:20,2,0,0
BRDA:21,3,0,0
BRDA:23,4,0,0
BRDA:53,5,0,0
BRDA:53,5,1,0
BRDA:53,6,0,0
BRDA:53,6,1,0
BRDA:54,7,0,0
BRDA:54,7,1,0
BRDA:59,8,0,0
BRDA:59,8,1,0
BRDA:62,9,0,0
BRDA:62,9,1,0
BRDA:63,10,0,0
BRDA:63,10,1,0
BRDA:63,11,0,0
BRDA:63,11,1,0
BRDA:66,12,0,0
BRDA:66,12,1,0
BRF:21
BRH:0
end_of_record
TN:
SF:components\ui\Card.tsx
FN:12,Card
FNF:1
FNH:0
FNDA:0,Card
DA:19,0
DA:25,0
DA:32,0
DA:34,0
DA:35,0
DA:46,0
LF:6
LH:0
BRDA:15,0,0,0
BRDA:16,1,0,0
BRDA:17,2,0,0
BRDA:34,3,0,0
BRDA:34,3,1,0
BRF:5
BRH:0
end_of_record
TN:
SF:components\ui\EmptyState.tsx
FN:11,EmptyState
FNF:1
FNH:0
FNDA:0,EmptyState
DA:17,0
LF:1
LH:0
BRDA:12,0,0,0
BRDA:25,1,0,0
BRDA:25,1,1,0
BRDA:31,2,0,0
BRDA:31,2,1,0
BRF:5
BRH:0
end_of_record
TN:
SF:components\ui\Input.tsx
FN:17,Input
FN:32,(anonymous_1)
FN:75,(anonymous_2)
FN:76,(anonymous_3)
FN:86,(anonymous_4)
FNF:5
FNH:0
FNDA:0,Input
FNDA:0,(anonymous_1)
FNDA:0,(anonymous_2)
FNDA:0,(anonymous_3)
FNDA:0,(anonymous_4)
DA:29,0
DA:30,0
DA:32,0
DA:33,0
DA:35,0
DA:37,0
DA:39,0
DA:43,0
DA:45,0
DA:75,0
DA:76,0
DA:86,0
LF:12
LH:0
BRDA:22,0,0,0
BRDA:24,1,0,0
BRDA:33,2,0,0
BRDA:33,2,1,0
BRDA:33,2,2,0
BRDA:47,3,0,0
BRDA:47,3,1,0
BRDA:57,4,0,0
BRDA:57,4,1,0
BRDA:57,5,0,0
BRDA:57,5,1,0
BRDA:58,6,0,0
BRDA:58,6,1,0
BRDA:61,7,0,0
BRDA:61,7,1,0
BRDA:73,8,0,0
BRDA:73,8,1,0
BRDA:80,9,0,0
BRDA:80,9,1,0
BRDA:84,10,0,0
BRDA:84,10,1,0
BRDA:90,11,0,0
BRDA:90,11,1,0
BRDA:95,12,0,0
BRDA:95,12,1,0
BRDA:95,12,2,0
BRDA:105,13,0,0
BRDA:105,13,1,0
BRF:28
BRH:0
end_of_record
TN:
SF:components\ui\Loading.tsx
FN:11,Loading
FNF:1
FNH:0
FNDA:0,Loading
DA:17,0
DA:18,0
DA:30,0
LF:3
LH:0
BRDA:12,0,0,0
BRDA:13,1,0,0
BRDA:15,2,0,0
BRDA:17,3,0,0
BRDA:17,3,1,0
BRDA:21,4,0,0
BRDA:21,4,1,0
BRDA:33,5,0,0
BRDA:33,5,1,0
BRF:9
BRH:0
end_of_record
TN:
SF:components\ui\Modal.tsx
FN:13,Modal
FN:29,(anonymous_1)
FN:30,(anonymous_2)
FN:36,(anonymous_3)
FNF:4
FNH:0
FNDA:0,Modal
FNDA:0,(anonymous_1)
FNDA:0,(anonymous_2)
FNDA:0,(anonymous_3)
DA:21,0
DA:29,0
DA:30,0
DA:31,0
DA:32,0
DA:36,0
DA:39,0
LF:7
LH:0
BRDA:18,0,0,0
BRDA:19,1,0,0
BRDA:31,2,0,0
BRDA:31,2,1,0
BRDA:51,3,0,0
BRDA:51,3,1,0
BRDA:51,3,2,0
BRDA:53,4,0,0
BRDA:53,4,1,0
BRDA:58,5,0,0
BRDA:58,5,1,0
BRF:11
BRH:0
end_of_record
TN:
SF:components\ui\Toast.tsx
FN:17,(anonymous_0)
FN:20,useToast
FN:24,ToastProvider
FN:27,(anonymous_3)
FN:29,(anonymous_4)
FN:32,(anonymous_5)
FN:33,(anonymous_6)
FN:33,(anonymous_7)
FN:37,(anonymous_8)
FN:38,(anonymous_9)
FN:38,(anonymous_10)
FN:41,(anonymous_11)
FN:54,(anonymous_12)
FN:73,(anonymous_13)
FN:84,(anonymous_14)
FNF:15
FNH:0
FNDA:0,(anonymous_0)
FNDA:0,useToast
FNDA:0,ToastProvider
FNDA:0,(anonymous_3)
FNDA:0,(anonymous_4)
FNDA:0,(anonymous_5)
FNDA:0,(anonymous_6)
FNDA:0,(anonymous_7)
FNDA:0,(anonymous_8)
FNDA:0,(anonymous_9)
FNDA:0,(anonymous_10)
FNDA:0,(anonymous_11)
FNDA:0,(anonymous_12)
FNDA:0,(anonymous_13)
FNDA:0,(anonymous_14)
DA:16,0
DA:21,0
DA:25,0
DA:27,0
DA:28,0
DA:29,0
DA:32,0
DA:33,0
DA:37,0
DA:38,0
DA:41,0
DA:42,0
DA:44,0
DA:46,0
DA:48,0
DA:50,0
DA:54,0
DA:55,0
DA:57,0
DA:59,0
DA:61,0
DA:63,0
DA:67,0
DA:74,0
DA:84,0
LF:25
LH:0
BRDA:27,0,0,0
BRDA:42,1,0,0
BRDA:42,1,1,0
BRDA:42,1,2,0
BRDA:42,1,3,0
BRDA:55,2,0,0
BRDA:55,2,1,0
BRDA:55,2,2,0
BRDA:55,2,3,0
BRF:9
BRH:0
end_of_record
TN:
SF:components\ui\index.ts
FNF:0
FNH:0
LF:0
LH:0
BRF:0
BRH:0
end_of_record
TN:
SF:constants\Colors.ts
FNF:0
FNH:0
DA:1,0
DA:2,0
LF:2
LH:0
BRF:0
BRH:0
end_of_record
TN:
SF:constants\config.ts
FNF:0
FNH:0
DA:1,0
DA:2,0
DA:3,0
DA:5,0
DA:6,0
DA:8,0
DA:9,0
DA:11,0
DA:12,0
LF:9
LH:0
BRDA:5,0,0,0
BRDA:5,0,1,0
BRDA:6,1,0,0
BRDA:6,1,1,0
BRDA:8,2,0,0
BRDA:8,2,1,0
BRDA:9,3,0,0
BRDA:9,3,1,0
BRDA:11,4,0,0
BRDA:11,4,1,0
BRDA:12,5,0,0
BRDA:12,5,1,0
BRF:12
BRH:0
end_of_record
TN:
SF:constants\index.ts
FNF:0
FNH:0
LF:0
LH:0
BRF:0
BRH:0
end_of_record
TN:
SF:constants\limits.ts
FNF:0
FNH:0
DA:1,0
DA:10,0
DA:19,0
LF:3
LH:0
BRF:0
BRH:0
end_of_record
TN:
SF:constants\routes.ts
FN:16,(anonymous_0)
FN:17,(anonymous_1)
FNF:2
FNH:0
FNDA:0,(anonymous_0)
FNDA:0,(anonymous_1)
DA:1,0
DA:16,0
DA:17,0
LF:3
LH:0
BRF:0
BRH:0
end_of_record
TN:
SF:constants\theme.ts
FNF:0
FNH:0
DA:1,0
DA:61,0
LF:2
LH:0
BRF:0
BRH:0
end_of_record
TN:
SF:hooks\index.ts
FNF:0
FNH:0
LF:0
LH:0
BRF:0
BRH:0
end_of_record
TN:
SF:hooks\useAuth.ts
FN:5,useAuth
FN:9,(anonymous_1)
FN:11,(anonymous_2)
FN:21,(anonymous_3)
FN:31,(anonymous_4)
FN:34,fetchUserProfile
FN:51,signInWithEmail
FN:59,signUpWithEmail
FN:67,signOut
FNF:9
FNH:0
FNDA:0,useAuth
FNDA:0,(anonymous_1)
FNDA:0,(anonymous_2)
FNDA:0,(anonymous_3)
FNDA:0,(anonymous_4)
FNDA:0,fetchUserProfile
FNDA:0,signInWithEmail
FNDA:0,signUpWithEmail
FNDA:0,signOut
DA:6,0
DA:7,0
DA:9,0
DA:11,0
DA:12,0
DA:13,0
DA:15,0
DA:20,0
DA:22,0
DA:23,0
DA:25,0
DA:26,0
DA:31,0
DA:35,0
DA:36,0
DA:42,0
DA:43,0
DA:45,0
DA:47,0
DA:52,0
DA:56,0
DA:60,0
DA:64,0
DA:68,0
DA:69,0
DA:70,0
DA:72,0
DA:75,0
LF:28
LH:0
BRDA:12,0,0,0
BRDA:12,0,1,0
BRDA:22,1,0,0
BRDA:22,1,1,0
BRDA:42,2,0,0
BRDA:42,2,1,0
BRDA:69,3,0,0
BRDA:69,3,1,0
BRF:8
BRH:0
end_of_record
TN:
SF:hooks\usePredictions.ts
FN:10,usePredictions
FN:16,fetchPredictions
FN:39,savePrediction
FN:82,(anonymous_3)
FN:99,(anonymous_4)
FN:100,(anonymous_5)
FN:120,(anonymous_6)
FN:133,saveAllPredictions
FN:188,(anonymous_8)
FN:189,(anonymous_9)
FN:192,(anonymous_10)
FN:193,(anonymous_11)
FN:201,(anonymous_12)
FNF:13
FNH:0
FNDA:0,usePredictions
FNDA:0,fetchPredictions
FNDA:0,savePrediction
FNDA:0,(anonymous_3)
FNDA:0,(anonymous_4)
FNDA:0,(anonymous_5)
FNDA:0,(anonymous_6)
FNDA:0,saveAllPredictions
FNDA:0,(anonymous_8)
FNDA:0,(anonymous_9)
FNDA:0,(anonymous_10)
FNDA:0,(anonymous_11)
FNDA:0,(anonymous_12)
DA:11,0
DA:12,0
DA:13,0
DA:14,0
DA:17,0
DA:18,0
DA:19,0
DA:21,0
DA:30,0
DA:31,0
DA:33,0
DA:35,0
DA:44,0
DA:45,0
DA:46,0
DA:49,0
DA:50,0
DA:53,0
DA:54,0
DA:58,0
DA:64,0
DA:65,0
DA:68,0
DA:69,0
DA:73,0
DA:74,0
DA:75,0
DA:77,0
DA:78,0
DA:82,0
DA:84,0
DA:86,0
DA:97,0
DA:99,0
DA:100,0
DA:103,0
DA:106,0
DA:118,0
DA:120,0
DA:122,0
DA:125,0
DA:126,0
DA:127,0
DA:129,0
DA:136,0
DA:137,0
DA:138,0
DA:140,0
DA:141,0
DA:142,0
DA:144,0
DA:145,0
DA:151,0
DA:152,0
DA:153,0
DA:155,0
DA:158,0
DA:162,0
DA:163,0
DA:165,0
DA:166,0
DA:168,0
DA:169,0
DA:171,0
DA:172,0
DA:175,0
DA:180,0
DA:181,0
DA:182,0
DA:184,0
DA:188,0
DA:189,0
DA:192,0
DA:193,0
DA:194,0
DA:195,0
DA:196,0
DA:201,0
DA:202,0
DA:203,0
DA:207,0
LF:81
LH:0
BRDA:30,0,0,0
BRDA:30,0,1,0
BRDA:31,1,0,0
BRDA:31,1,1,0
BRDA:33,2,0,0
BRDA:33,2,1,0
BRDA:49,3,0,0
BRDA:49,3,1,0
BRDA:49,4,0,0
BRDA:49,4,1,0
BRDA:53,5,0,0
BRDA:53,5,1,0
BRDA:53,6,0,0
BRDA:53,6,1,0
BRDA:64,7,0,0
BRDA:64,7,1,0
BRDA:64,8,0,0
BRDA:64,8,1,0
BRDA:68,9,0,0
BRDA:68,9,1,0
BRDA:77,10,0,0
BRDA:77,10,1,0
BRDA:84,11,0,0
BRDA:84,11,1,0
BRDA:97,12,0,0
BRDA:97,12,1,0
BRDA:100,13,0,0
BRDA:100,13,1,0
BRDA:118,14,0,0
BRDA:118,14,1,0
BRDA:125,15,0,0
BRDA:125,15,1,0
BRDA:151,16,0,0
BRDA:151,16,1,0
BRDA:152,17,0,0
BRDA:152,17,1,0
BRDA:165,18,0,0
BRDA:165,18,1,0
BRDA:168,19,0,0
BRDA:168,19,1,0
BRDA:169,20,0,0
BRDA:169,20,1,0
BRDA:171,21,0,0
BRDA:171,21,1,0
BRDA:172,22,0,0
BRDA:172,22,1,0
BRDA:177,23,0,0
BRDA:177,23,1,0
BRDA:180,24,0,0
BRDA:180,24,1,0
BRDA:195,25,0,0
BRDA:195,25,1,0
BRDA:196,26,0,0
BRDA:196,26,1,0
BRDA:202,27,0,0
BRDA:202,27,1,0
BRDA:202,28,0,0
BRDA:202,28,1,0
BRF:58
BRH:0
end_of_record
TN:
SF:hooks\useProtectedRoute.ts
FN:5,useProtectedRoute
FN:9,(anonymous_1)
FNF:2
FNH:0
FNDA:0,useProtectedRoute
FNDA:0,(anonymous_1)
DA:6,0
DA:7,0
DA:9,0
DA:10,0
DA:12,0
DA:14,0
DA:16,0
DA:17,0
DA:19,0
LF:9
LH:0
BRDA:10,0,0,0
BRDA:10,0,1,0
BRDA:10,1,0,0
BRDA:10,1,1,0
BRDA:14,2,0,0
BRDA:14,2,1,0
BRDA:14,3,0,0
BRDA:14,3,1,0
BRDA:17,4,0,0
BRDA:17,4,1,0
BRDA:17,5,0,0
BRDA:17,5,1,0
BRF:12
BRH:0
end_of_record
TN:
SF:hooks\useQuinielas.ts
FN:15,useQuinielas
FN:20,fetchQuinielas
FN:33,(anonymous_2)
FN:57,(anonymous_3)
FN:71,createQuiniela
FN:102,(anonymous_5)
FN:126,joinQuiniela
FN:175,(anonymous_7)
FN:199,leaveQuiniela
FN:212,(anonymous_9)
FN:212,(anonymous_10)
FN:222,deleteQuiniela
FN:234,(anonymous_12)
FN:234,(anonymous_13)
FN:244,(anonymous_14)
FN:245,(anonymous_15)
FN:248,(anonymous_16)
FNF:17
FNH:0
FNDA:0,useQuinielas
FNDA:0,fetchQuinielas
FNDA:0,(anonymous_2)
FNDA:0,(anonymous_3)
FNDA:0,createQuiniela
FNDA:0,(anonymous_5)
FNDA:0,joinQuiniela
FNDA:0,(anonymous_7)
FNDA:0,leaveQuiniela
FNDA:0,(anonymous_9)
FNDA:0,(anonymous_10)
FNDA:0,deleteQuiniela
FNDA:0,(anonymous_12)
FNDA:0,(anonymous_13)
FNDA:0,(anonymous_14)
FNDA:0,(anonymous_15)
FNDA:0,(anonymous_16)
DA:16,0
DA:17,0
DA:18,0
DA:21,0
DA:22,0
DA:23,0
DA:26,0
DA:31,0
DA:33,0
DA:35,0
DA:36,0
DA:37,0
DA:41,0
DA:54,0
DA:57,0
DA:63,0
DA:65,0
DA:67,0
DA:72,0
DA:73,0
DA:76,0
DA:79,0
DA:88,0
DA:91,0
DA:99,0
DA:102,0
DA:118,0
DA:120,0
DA:121,0
DA:122,0
DA:127,0
DA:128,0
DA:131,0
DA:137,0
DA:138,0
DA:142,0
DA:149,0
DA:150,0
DA:154,0
DA:159,0
DA:160,0
DA:164,0
DA:172,0
DA:175,0
DA:191,0
DA:193,0
DA:194,0
DA:195,0
DA:200,0
DA:201,0
DA:203,0
DA:209,0
DA:212,0
DA:214,0
DA:216,0
DA:217,0
DA:218,0
DA:223,0
DA:224,0
DA:226,0
DA:231,0
DA:234,0
DA:236,0
DA:238,0
DA:239,0
DA:240,0
DA:244,0
DA:245,0
DA:248,0
DA:249,0
DA:256,0
DA:259,0
LF:72
LH:0
BRDA:31,0,0,0
BRDA:31,0,1,0
BRDA:33,1,0,0
BRDA:33,1,1,0
BRDA:35,2,0,0
BRDA:35,2,1,0
BRDA:54,3,0,0
BRDA:54,3,1,0
BRDA:57,4,0,0
BRDA:57,4,1,0
BRDA:59,5,0,0
BRDA:59,5,1,0
BRDA:65,6,0,0
BRDA:65,6,1,0
BRDA:76,7,0,0
BRDA:76,7,1,0
BRDA:88,8,0,0
BRDA:88,8,1,0
BRDA:99,9,0,0
BRDA:99,9,1,0
BRDA:120,10,0,0
BRDA:120,10,1,0
BRDA:137,11,0,0
BRDA:137,11,1,0
BRDA:137,12,0,0
BRDA:137,12,1,0
BRDA:149,13,0,0
BRDA:149,13,1,0
BRDA:159,14,0,0
BRDA:159,14,1,0
BRDA:159,15,0,0
BRDA:159,15,1,0
BRDA:172,16,0,0
BRDA:172,16,1,0
BRDA:186,17,0,0
BRDA:186,17,1,0
BRDA:193,18,0,0
BRDA:193,18,1,0
BRDA:209,19,0,0
BRDA:209,19,1,0
BRDA:216,20,0,0
BRDA:216,20,1,0
BRDA:231,21,0,0
BRDA:231,21,1,0
BRDA:238,22,0,0
BRDA:238,22,1,0
BRF:46
BRH:0
end_of_record
TN:
SF:hooks\useRankings.ts
FN:5,useRankings
FN:10,fetchRankings
FN:33,(anonymous_2)
FN:34,(anonymous_3)
FN:35,(anonymous_4)
FN:38,(anonymous_5)
FN:39,(anonymous_6)
FN:48,(anonymous_7)
FN:61,(anonymous_8)
FN:63,(anonymous_9)
FN:64,(anonymous_10)
FN:66,(anonymous_11)
FN:77,(anonymous_12)
FN:82,(anonymous_13)
FNF:14
FNH:0
FNDA:0,useRankings
FNDA:0,fetchRankings
FNDA:0,(anonymous_2)
FNDA:0,(anonymous_3)
FNDA:0,(anonymous_4)
FNDA:0,(anonymous_5)
FNDA:0,(anonymous_6)
FNDA:0,(anonymous_7)
FNDA:0,(anonymous_8)
FNDA:0,(anonymous_9)
FNDA:0,(anonymous_10)
FNDA:0,(anonymous_11)
FNDA:0,(anonymous_12)
FNDA:0,(anonymous_13)
DA:6,0
DA:7,0
DA:8,0
DA:11,0
DA:12,0
DA:13,0
DA:15,0
DA:24,0
DA:25,0
DA:27,0
DA:29,0
DA:33,0
DA:34,0
DA:35,0
DA:38,0
DA:39,0
DA:40,0
DA:48,0
DA:49,0
DA:51,0
DA:62,0
DA:63,0
DA:64,0
DA:65,0
DA:66,0
DA:67,0
DA:70,0
DA:77,0
DA:78,0
DA:82,0
DA:83,0
DA:84,0
DA:88,0
LF:33
LH:0
BRDA:24,0,0,0
BRDA:24,0,1,0
BRDA:25,1,0,0
BRDA:25,1,1,0
BRDA:27,2,0,0
BRDA:27,2,1,0
BRDA:35,3,0,0
BRDA:35,3,1,0
BRDA:40,4,0,0
BRDA:40,4,1,0
BRDA:49,5,0,0
BRDA:49,5,1,0
BRDA:62,6,0,0
BRDA:62,6,1,0
BRDA:62,7,0,0
BRDA:62,7,1,0
BRDA:65,8,0,0
BRDA:65,8,1,0
BRDA:67,9,0,0
BRDA:67,9,1,0
BRDA:83,10,0,0
BRDA:83,10,1,0
BRF:22
BRH:0
end_of_record
TN:
SF:lib\cache.ts
FN:13,(anonymous_0)
FN:26,(anonymous_1)
FN:46,(anonymous_2)
FN:54,(anonymous_3)
FN:57,(anonymous_4)
FN:64,(anonymous_5)
FN:68,(anonymous_6)
FN:69,(anonymous_7)
FNF:8
FNH:0
FNDA:0,(anonymous_0)
FNDA:0,(anonymous_1)
FNDA:0,(anonymous_2)
FNDA:0,(anonymous_3)
FNDA:0,(anonymous_4)
FNDA:0,(anonymous_5)
FNDA:0,(anonymous_6)
FNDA:0,(anonymous_7)
DA:3,0
DA:4,0
DA:12,0
DA:14,0
DA:15,0
DA:20,0
DA:22,0
DA:27,0
DA:28,0
DA:29,0
DA:31,0
DA:34,0
DA:35,0
DA:36,0
DA:39,0
DA:41,0
DA:42,0
DA:47,0
DA:48,0
DA:50,0
DA:55,0
DA:56,0
DA:57,0
DA:58,0
DA:60,0
DA:65,0
DA:66,0
DA:67,0
DA:68,0
DA:69,0
DA:71,0
DA:72,0
DA:78,0
LF:33
LH:0
BRDA:13,0,0,0
BRDA:29,1,0,0
BRDA:29,1,1,0
BRDA:34,2,0,0
BRDA:34,2,1,0
BRF:5
BRH:0
end_of_record
TN:
SF:lib\supabase.ts
FNF:0
FNH:0
DA:4,0
DA:5,0
DA:7,0
LF:3
LH:0
BRF:0
BRH:0
end_of_record
TN:
SF:services\index.ts
FNF:0
FNH:0
LF:0
LH:0
BRF:0
BRH:0
end_of_record
TN:
SF:services\match.service.ts
FN:5,(anonymous_0)
FN:20,(anonymous_1)
FN:37,(anonymous_2)
FN:55,(anonymous_3)
FNF:4
FNH:0
FNDA:0,(anonymous_0)
FNDA:0,(anonymous_1)
FNDA:0,(anonymous_2)
FNDA:0,(anonymous_3)
DA:4,0
DA:6,0
DA:12,0
DA:13,0
DA:14,0
DA:17,0
DA:21,0
DA:29,0
DA:30,0
DA:31,0
DA:34,0
DA:38,0
DA:47,0
DA:48,0
DA:49,0
DA:52,0
DA:56,0
DA:57,0
DA:58,0
DA:59,0
DA:61,0
DA:62,0
DA:63,0
DA:65,0
DA:72,0
DA:73,0
DA:74,0
DA:77,0
LF:28
LH:0
BRDA:12,0,0,0
BRDA:12,0,1,0
BRDA:20,1,0,0
BRDA:29,2,0,0
BRDA:29,2,1,0
BRDA:34,3,0,0
BRDA:34,3,1,0
BRDA:47,4,0,0
BRDA:47,4,1,0
BRDA:52,5,0,0
BRDA:52,5,1,0
BRDA:72,6,0,0
BRDA:72,6,1,0
BRDA:77,7,0,0
BRDA:77,7,1,0
BRF:15
BRH:0
end_of_record
TN:
SF:services\prediction.service.ts
FN:5,(anonymous_0)
FN:23,(anonymous_1)
FN:69,(anonymous_2)
FNF:3
FNH:0
FNDA:0,(anonymous_0)
FNDA:0,(anonymous_1)
FNDA:0,(anonymous_2)
DA:4,0
DA:9,0
DA:15,0
DA:16,0
DA:17,0
DA:20,0
DA:25,0
DA:33,0
DA:35,0
DA:46,0
DA:47,0
DA:48,0
DA:51,0
DA:54,0
DA:60,0
DA:61,0
DA:62,0
DA:65,0
DA:70,0
DA:76,0
DA:79,0
DA:82,0
DA:83,0
DA:84,0
DA:86,0
LF:25
LH:0
BRDA:15,0,0,0
BRDA:15,0,1,0
BRDA:20,1,0,0
BRDA:20,1,1,0
BRDA:33,2,0,0
BRDA:33,2,1,0
BRDA:46,3,0,0
BRDA:46,3,1,0
BRDA:60,4,0,0
BRDA:60,4,1,0
BRDA:76,5,0,0
BRDA:76,5,1,0
BRDA:76,6,0,0
BRDA:76,6,1,0
BRDA:79,7,0,0
BRDA:79,7,1,0
BRF:16
BRH:0
end_of_record
TN:
SF:services\quiniela.service.ts
FN:5,(anonymous_0)
FN:20,(anonymous_1)
FN:35,(anonymous_2)
FN:53,(anonymous_3)
FN:70,(anonymous_4)
FN:84,(anonymous_5)
FNF:6
FNH:0
FNDA:0,(anonymous_0)
FNDA:0,(anonymous_1)
FNDA:0,(anonymous_2)
FNDA:0,(anonymous_3)
FNDA:0,(anonymous_4)
FNDA:0,(anonymous_5)
DA:4,0
DA:6,0
DA:12,0
DA:13,0
DA:14,0
DA:17,0
DA:21,0
DA:27,0
DA:28,0
DA:29,0
DA:32,0
DA:37,0
DA:39,0
DA:45,0
DA:46,0
DA:47,0
DA:50,0
DA:54,0
DA:62,0
DA:63,0
DA:64,0
DA:67,0
DA:71,0
DA:76,0
DA:77,0
DA:78,0
DA:81,0
DA:85,0
DA:92,0
LF:29
LH:0
BRDA:12,0,0,0
BRDA:12,0,1,0
BRDA:27,1,0,0
BRDA:27,1,1,0
BRDA:45,2,0,0
BRDA:45,2,1,0
BRDA:62,3,0,0
BRDA:62,3,1,0
BRDA:76,4,0,0
BRDA:76,4,1,0
BRDA:81,5,0,0
BRDA:81,5,1,0
BRDA:92,6,0,0
BRDA:92,6,1,0
BRF:14
BRH:0
end_of_record
TN:
SF:services\ranking.service.ts
FN:5,(anonymous_0)
FN:23,(anonymous_1)
FN:39,(anonymous_2)
FNF:3
FNH:0
FNDA:0,(anonymous_0)
FNDA:0,(anonymous_1)
FNDA:0,(anonymous_2)
DA:4,0
DA:6,0
DA:15,0
DA:16,0
DA:17,0
DA:20,0
DA:27,0
DA:34,0
DA:36,0
DA:47,0
DA:54,0
DA:56,0
LF:12
LH:0
BRDA:15,0,0,0
BRDA:15,0,1,0
BRDA:20,1,0,0
BRDA:20,1,1,0
BRDA:34,2,0,0
BRDA:34,2,1,0
BRDA:34,3,0,0
BRDA:34,3,1,0
BRDA:54,4,0,0
BRDA:54,4,1,0
BRDA:54,5,0,0
BRDA:54,5,1,0
BRF:12
BRH:0
end_of_record
TN:
SF:services\user.service.ts
FN:5,(anonymous_0)
FN:20,(anonymous_1)
FN:36,(anonymous_2)
FNF:3
FNH:0
FNDA:0,(anonymous_0)
FNDA:0,(anonymous_1)
FNDA:0,(anonymous_2)
DA:4,0
DA:6,0
DA:12,0
DA:13,0
DA:14,0
DA:17,0
DA:21,0
DA:28,0
DA:29,0
DA:30,0
DA:33,0
DA:37,0
DA:38,0
DA:39,0
DA:41,0
DA:45,0
DA:46,0
DA:47,0
DA:50,0
DA:54,0
LF:20
LH:0
BRDA:12,0,0,0
BRDA:12,0,1,0
BRDA:28,1,0,0
BRDA:28,1,1,0
BRDA:45,2,0,0
BRDA:45,2,1,0
BRF:6
BRH:0
end_of_record
TN:
SF:stores\authStore.ts
FN:26,(anonymous_0)
FN:32,(anonymous_1)
FN:33,(anonymous_2)
FN:34,(anonymous_3)
FN:35,(anonymous_4)
FN:37,(anonymous_5)
FN:67,(anonymous_6)
FN:118,(anonymous_7)
FN:135,(anonymous_8)
FN:157,(anonymous_9)
FN:176,(anonymous_10)
FN:185,(anonymous_11)
FNF:12
FNH:0
FNDA:0,(anonymous_0)
FNDA:0,(anonymous_1)
FNDA:0,(anonymous_2)
FNDA:0,(anonymous_3)
FNDA:0,(anonymous_4)
FNDA:0,(anonymous_5)
FNDA:0,(anonymous_6)
FNDA:0,(anonymous_7)
FNDA:0,(anonymous_8)
FNDA:0,(anonymous_9)
FNDA:0,(anonymous_10)
FNDA:0,(anonymous_11)
DA:26,0
DA:32,0
DA:33,0
DA:34,0
DA:35,0
DA:38,0
DA:39,0
DA:42,0
DA:44,0
DA:45,0
DA:46,0
DA:49,0
DA:51,0
DA:53,0
DA:59,0
DA:60,0
DA:62,0
DA:67,0
DA:68,0
DA:70,0
DA:72,0
DA:74,0
DA:80,0
DA:82,0
DA:99,0
DA:100,0
DA:102,0
DA:105,0
DA:108,0
DA:112,0
DA:114,0
DA:119,0
DA:120,0
DA:125,0
DA:126,0
DA:129,0
DA:131,0
DA:136,0
DA:137,0
DA:147,0
DA:148,0
DA:151,0
DA:153,0
DA:158,0
DA:159,0
DA:166,0
DA:167,0
DA:170,0
DA:172,0
DA:177,0
DA:178,0
DA:179,0
DA:181,0
DA:186,0
DA:187,0
DA:189,0
DA:195,0
DA:196,0
LF:58
LH:0
BRDA:44,0,0,0
BRDA:44,0,1,0
BRDA:51,1,0,0
BRDA:51,1,1,0
BRDA:59,2,0,0
BRDA:59,2,1,0
BRDA:72,3,0,0
BRDA:72,3,1,0
BRDA:80,4,0,0
BRDA:80,4,1,0
BRDA:86,5,0,0
BRDA:86,5,1,0
BRDA:87,6,0,0
BRDA:87,6,1,0
BRDA:87,6,2,0
BRDA:87,6,3,0
BRDA:90,7,0,0
BRDA:90,7,1,0
BRDA:90,7,2,0
BRDA:92,8,0,0
BRDA:92,8,1,0
BRDA:93,9,0,0
BRDA:93,9,1,0
BRDA:99,10,0,0
BRDA:99,10,1,0
BRDA:125,11,0,0
BRDA:125,11,1,0
BRDA:147,12,0,0
BRDA:147,12,1,0
BRDA:166,13,0,0
BRDA:166,13,1,0
BRDA:187,14,0,0
BRDA:187,14,1,0
BRDA:195,15,0,0
BRDA:195,15,1,0
BRDA:195,16,0,0
BRDA:195,16,1,0
BRF:37
BRH:0
end_of_record
TN:
SF:stores\index.ts
FNF:0
FNH:0
LF:0
LH:0
BRF:0
BRH:0
end_of_record
TN:
SF:stores\quinielaStore.ts
FN:16,(anonymous_0)
FN:20,(anonymous_1)
FN:21,(anonymous_2)
FN:22,(anonymous_3)
FN:23,(anonymous_4)
FN:24,(anonymous_5)
FN:25,(anonymous_6)
FN:26,(anonymous_7)
FN:30,(anonymous_8)
FN:31,(anonymous_9)
FN:32,(anonymous_10)
FN:34,(anonymous_11)
FNF:12
FNH:0
FNDA:0,(anonymous_0)
FNDA:0,(anonymous_1)
FNDA:0,(anonymous_2)
FNDA:0,(anonymous_3)
FNDA:0,(anonymous_4)
FNDA:0,(anonymous_5)
FNDA:0,(anonymous_6)
FNDA:0,(anonymous_7)
FNDA:0,(anonymous_8)
FNDA:0,(anonymous_9)
FNDA:0,(anonymous_10)
FNDA:0,(anonymous_11)
DA:16,0
DA:20,0
DA:21,0
DA:23,0
DA:25,0
DA:27,0
DA:31,0
DA:32,0
DA:34,0
LF:9
LH:0
BRDA:27,0,0,0
BRDA:27,0,1,0
BRF:2
BRH:0
end_of_record
TN:
SF:stores\uiStore.ts
FN:10,(anonymous_0)
FN:13,(anonymous_1)
FN:14,(anonymous_2)
FNF:3
FNH:0
FNDA:0,(anonymous_0)
FNDA:0,(anonymous_1)
FNDA:0,(anonymous_2)
DA:10,0
DA:13,0
DA:14,0
LF:3
LH:0
BRF:0
BRH:0
end_of_record
TN:
SF:supabase\functions\sync-profile\index.ts
FN:10,(anonymous_0)
FNF:1
FNH:0
FNDA:0,(anonymous_0)
DA:5,0
DA:10,0
DA:12,0
DA:13,0
DA:16,0
DA:18,0
DA:19,0
DA:21,0
DA:29,0
DA:30,0
DA:33,0
DA:34,0
DA:41,0
DA:44,0
DA:50,0
DA:55,0
DA:56,0
DA:59,0
DA:77,0
DA:78,0
DA:79,0
DA:82,0
DA:84,0
DA:96,0
DA:97,0
LF:25
LH:0
BRDA:12,0,0,0
BRDA:12,0,1,0
BRDA:33,1,0,0
BRDA:33,1,1,0
BRDA:44,2,0,0
BRDA:44,2,1,0
BRDA:44,2,2,0
BRDA:44,2,3,0
BRDA:50,3,0,0
BRDA:50,3,1,0
BRDA:50,3,2,0
BRDA:55,4,0,0
BRDA:55,4,1,0
BRDA:56,5,0,0
BRDA:56,5,1,0
BRDA:77,6,0,0
BRDA:77,6,1,0
BRF:17
BRH:0
end_of_record
TN:
SF:utils\date.ts
FN:1,formatDate
FN:11,formatTime
FN:19,formatDateTime
FN:23,isMatchStarted
FN:27,isMatchFinished
FN:31,getMatchStatus
FNF:6
FNH:0
FNDA:0,formatDate
FNDA:0,formatTime
FNDA:0,formatDateTime
FNDA:0,isMatchStarted
FNDA:0,isMatchFinished
FNDA:0,getMatchStatus
DA:2,0
DA:3,0
DA:12,0
DA:13,0
DA:20,0
DA:24,0
DA:28,0
DA:32,0
DA:34,0
DA:36,0
DA:38,0
DA:40,0
LF:12
LH:0
BRDA:32,0,0,0
BRDA:32,0,1,0
BRDA:32,0,2,0
BRDA:32,0,3,0
BRF:4
BRH:0
end_of_record
TN:
SF:utils\format.ts
FN:1,classNames
FN:5,truncate
FN:10,capitalize
FN:14,generateInitials
FN:17,(anonymous_4)
FNF:5
FNH:0
FNDA:0,classNames
FNDA:0,truncate
FNDA:0,capitalize
FNDA:0,generateInitials
FNDA:0,(anonymous_4)
DA:2,0
DA:6,0
DA:7,0
DA:11,0
DA:15,0
DA:17,0
LF:6
LH:0
BRDA:6,0,0,0
BRDA:6,0,1,0
BRF:2
BRH:0
end_of_record
TN:
SF:utils\index.ts
FNF:0
FNH:0
LF:0
LH:0
BRF:0
BRH:0
end_of_record
TN:
SF:utils\quiniela.ts
FN:1,generateInviteCode
FN:5,validateInviteCode
FN:9,canInviteMorePlayers
FN:19,getInviteLimit
FNF:4
FNH:0
FNDA:0,generateInviteCode
FNDA:0,validateInviteCode
FNDA:0,canInviteMorePlayers
FNDA:0,getInviteLimit
DA:2,0
DA:6,0
DA:15,0
DA:16,0
DA:20,0
LF:5
LH:0
BRDA:12,0,0,0
BRDA:13,1,0,0
BRDA:15,2,0,0
BRDA:15,2,1,0
BRDA:20,3,0,0
BRDA:20,3,1,0
BRF:6
BRH:0
end_of_record
TN:
SF:utils\scoring.ts
FN:1,calculatePoints
FN:26,formatPoints
FN:30,getPositionSuffix
FNF:3
FNH:0
FNDA:0,calculatePoints
FNDA:0,formatPoints
FNDA:0,getPositionSuffix
DA:8,0
DA:9,0
DA:13,0
DA:15,0
DA:18,0
DA:19,0
DA:23,0
DA:27,0
DA:31,0
DA:32,0
DA:33,0
DA:34,0
LF:12
LH:0
BRDA:8,0,0,0
BRDA:8,0,1,0
BRDA:8,1,0,0
BRDA:8,1,1,0
BRDA:13,2,0,0
BRDA:13,2,1,0
BRDA:14,3,0,0
BRDA:14,3,1,0
BRDA:15,4,0,0
BRDA:15,4,1,0
BRDA:16,5,0,0
BRDA:16,5,1,0
BRDA:18,6,0,0
BRDA:18,6,1,0
BRDA:31,7,0,0
BRDA:31,7,1,0
BRDA:32,8,0,0
BRDA:32,8,1,0
BRDA:33,9,0,0
BRDA:33,9,1,0
BRF:20
BRH:0
end_of_record
TN:
SF:utils\share.ts
FN:1,generateShareLink
FN:6,getShareMessage
FN:13,copyToClipboard
FN:30,shareContent
FNF:4
FNH:0
FNDA:0,generateShareLink
FNDA:0,getShareMessage
FNDA:0,copyToClipboard
FNDA:0,shareContent
DA:2,0
DA:3,0
DA:10,0
DA:14,0
DA:15,0
DA:19,0
DA:20,0
DA:21,0
DA:22,0
DA:23,0
DA:24,0
DA:25,0
DA:26,0
DA:27,0
DA:31,0
DA:32,0
DA:33,0
DA:34,0
DA:36,0
DA:37,0
DA:42,0
DA:43,0
LF:22
LH:0
BRDA:2,0,0,0
BRDA:2,0,1,0
BRDA:14,1,0,0
BRDA:14,1,1,0
BRDA:31,2,0,0
BRDA:31,2,1,0
BRF:6
BRH:0
end_of_record
